<?xml version="1.0" encoding="UTF-8"?>
<!-- Generated by org.testng.reporters.JUnitReportReporter -->
<testsuite hostname="GlobalApps-PC" name="com.linkedInTest.tests.LoginTest" tests="1" failures="0" timestamp="23 Mar 2016 11:56:44 GMT" time="26.935" errors="0">
  <testcase name="login" time="26.935" classname="com.linkedInTest.tests.LoginTest"/>
</testsuite> <!-- com.linkedInTest.tests.LoginTest -->
